app/build/intermediates/manifest_merge_blame_file/debug/processDebugMainManifest/manifest-merger-blame-debug-report.txt
1<?xml version="1.0" encoding="utf-8"?>
2<manifest xmlns:android="http://schemas.android.com/apk/res/android"
3    package="com.dailyroutine.app"
4    android:versionCode="2"
5    android:versionName="1.1" >
6
7    <uses-sdk
7-->INJECTED
8        android:minSdkVersion="26"
8-->INJECTED
9        android:targetSdkVersion="34" />
9-->INJECTED
10
11    <uses-permission android:name="android.permission.RECEIVE_BOOT_COMPLETED" />
11-->src\main\AndroidManifest.xml:4:5-80
11-->src\main\AndroidManifest.xml:4:22-78
12    <uses-permission android:name="android.permission.VIBRATE" />
12-->src\main\AndroidManifest.xml:5:5-65
12-->src\main\AndroidManifest.xml:5:22-63
13    <uses-permission android:name="android.permission.WAKE_LOCK" />
13-->src\main\AndroidManifest.xml:6:5-67
13-->src\main\AndroidManifest.xml:6:22-65
14    <uses-permission android:name="android.permission.SCHEDULE_EXACT_ALARM" />
14-->src\main\AndroidManifest.xml:7:5-78
14-->src\main\AndroidManifest.xml:7:22-76
15    <uses-permission android:name="android.permission.POST_NOTIFICATIONS" />
15-->src\main\AndroidManifest.xml:8:5-76
15-->src\main\AndroidManifest.xml:8:22-74
16
17    <!-- Health Connect Permissions -->
18    <uses-permission android:name="android.permission.health.READ_STEPS" />
18-->src\main\AndroidManifest.xml:11:5-75
18-->src\main\AndroidManifest.xml:11:22-73
19    <uses-permission android:name="android.permission.health.READ_SLEEP" />
19-->src\main\AndroidManifest.xml:12:5-75
19-->src\main\AndroidManifest.xml:12:22-73
20
21    <queries>
21-->src\main\AndroidManifest.xml:14:5-31:15
22        <package android:name="com.google.android.apps.fitness" />
22-->src\main\AndroidManifest.xml:15:9-67
22-->src\main\AndroidManifest.xml:15:18-64
23        <package android:name="com.sec.android.app.shealth" />
23-->src\main\AndroidManifest.xml:16:9-63
23-->src\main\AndroidManifest.xml:16:18-60
24        <package android:name="com.fitbit.FitbitMobile" />
24-->src\main\AndroidManifest.xml:17:9-59
24-->src\main\AndroidManifest.xml:17:18-56
25        <package android:name="com.garmin.android.apps.connectmobile" />
25-->src\main\AndroidManifest.xml:18:9-73
25-->src\main\AndroidManifest.xml:18:18-70
26        <package android:name="com.xiaomi.wearable" />
26-->src\main\AndroidManifest.xml:19:9-55
26-->src\main\AndroidManifest.xml:19:18-52
27        <package android:name="com.xiaomi.hm.health" />
27-->src\main\AndroidManifest.xml:20:9-56
27-->src\main\AndroidManifest.xml:20:18-53
28        <package android:name="com.huami.watch.hmwatchmanager" />
28-->src\main\AndroidManifest.xml:21:9-66
28-->src\main\AndroidManifest.xml:21:18-63
29        <package android:name="com.noisefit" />
29-->src\main\AndroidManifest.xml:22:9-48
29-->src\main\AndroidManifest.xml:22:18-45
30        <package android:name="com.coveiot.boat" />
30-->src\main\AndroidManifest.xml:23:9-52
30-->src\main\AndroidManifest.xml:23:18-49
31        <package android:name="com.huawei.health" />
31-->src\main\AndroidManifest.xml:24:9-53
31-->src\main\AndroidManifest.xml:24:18-50
32        <package android:name="com.realme.link" />
32-->src\main\AndroidManifest.xml:25:9-51
32-->src\main\AndroidManifest.xml:25:18-48
33        <package android:name="com.google.android.apps.healthdata" />
33-->src\main\AndroidManifest.xml:26:9-70
33-->src\main\AndroidManifest.xml:26:18-67
34        <package android:name="com.fossil.wearables.fossil" />
34-->src\main\AndroidManifest.xml:27:9-63
34-->src\main\AndroidManifest.xml:27:18-60
35        <package android:name="com.withings.wiscale2" />
35-->src\main\AndroidManifest.xml:28:9-57
35-->src\main\AndroidManifest.xml:28:18-54
36        <package android:name="fi.polar.beat" />
36-->src\main\AndroidManifest.xml:29:9-49
36-->src\main\AndroidManifest.xml:29:18-46
37        <package android:name="com.stt.android.suunto" />
37-->src\main\AndroidManifest.xml:30:9-58
37-->src\main\AndroidManifest.xml:30:18-55
38    </queries>
39
40    <permission
40-->[androidx.core:core:1.12.0] AndroidManifest.xml:22:5-24:47
41        android:name="com.dailyroutine.app.DYNAMIC_RECEIVER_NOT_EXPORTED_PERMISSION"
41-->[androidx.core:core:1.12.0] AndroidManifest.xml:23:9-81
42        android:protectionLevel="signature" />
42-->[androidx.core:core:1.12.0] AndroidManifest.xml:24:9-44
43
44    <uses-permission android:name="com.dailyroutine.app.DYNAMIC_RECEIVER_NOT_EXPORTED_PERMISSION" />
44-->[androidx.core:core:1.12.0] AndroidManifest.xml:26:5-97
44-->[androidx.core:core:1.12.0] AndroidManifest.xml:26:22-94
45
46    <application
46-->src\main\AndroidManifest.xml:33:5-114:19
47        android:allowBackup="true"
47-->src\main\AndroidManifest.xml:34:9-35
48        android:appComponentFactory="androidx.core.app.CoreComponentFactory"
48-->[androidx.core:core:1.12.0] AndroidManifest.xml:28:18-86
49        android:debuggable="true"
50        android:extractNativeLibs="false"
50-->INJECTED
51        android:icon="@mipmap/ic_launcher"
51-->src\main\AndroidManifest.xml:35:9-43
52        android:label="@string/app_name"
52-->src\main\AndroidManifest.xml:36:9-41
53        android:roundIcon="@mipmap/ic_launcher_round"
53-->src\main\AndroidManifest.xml:37:9-54
54        android:supportsRtl="true"
54-->src\main\AndroidManifest.xml:38:9-35
55        android:testOnly="true"
56        android:theme="@style/Theme.DailyRoutine" >
56-->src\main\AndroidManifest.xml:39:9-50
57        <activity
57-->src\main\AndroidManifest.xml:41:9-49:20
58            android:name="com.dailyroutine.app.MainActivity"
58-->src\main\AndroidManifest.xml:42:13-41
59            android:exported="true"
59-->src\main\AndroidManifest.xml:43:13-36
60            android:launchMode="singleTop" >
60-->src\main\AndroidManifest.xml:44:13-43
61            <intent-filter>
61-->src\main\AndroidManifest.xml:45:13-48:29
62                <action android:name="android.intent.action.MAIN" />
62-->src\main\AndroidManifest.xml:46:17-68
62-->src\main\AndroidManifest.xml:46:25-66
63
64                <category android:name="android.intent.category.LAUNCHER" />
64-->src\main\AndroidManifest.xml:47:17-76
64-->src\main\AndroidManifest.xml:47:27-74
65            </intent-filter>
66        </activity>
67        <activity
67-->src\main\AndroidManifest.xml:51:9-54:56
68            android:name="com.dailyroutine.app.SignupActivity"
68-->src\main\AndroidManifest.xml:52:13-43
69            android:exported="false"
69-->src\main\AndroidManifest.xml:53:13-37
70            android:theme="@style/Theme.DailyRoutine" />
70-->src\main\AndroidManifest.xml:54:13-54
71        <activity
71-->src\main\AndroidManifest.xml:56:9-59:45
72            android:name="com.dailyroutine.app.RemindersActivity"
72-->src\main\AndroidManifest.xml:57:13-46
73            android:exported="false"
73-->src\main\AndroidManifest.xml:58:13-37
74            android:label="View Reminders" />
74-->src\main\AndroidManifest.xml:59:13-43
75        <activity
75-->src\main\AndroidManifest.xml:61:9-64:40
76            android:name="com.dailyroutine.app.DietPlanActivity"
76-->src\main\AndroidManifest.xml:62:13-45
77            android:exported="false"
77-->src\main\AndroidManifest.xml:63:13-37
78            android:label="Diet Plan" />
78-->src\main\AndroidManifest.xml:64:13-38
79        <activity
79-->src\main\AndroidManifest.xml:66:9-69:43
80            android:name="com.dailyroutine.app.WorkoutPlanActivity"
80-->src\main\AndroidManifest.xml:67:13-48
81            android:exported="false"
81-->src\main\AndroidManifest.xml:68:13-37
82            android:label="Workout Plan" />
82-->src\main\AndroidManifest.xml:69:13-41
83        <activity
83-->src\main\AndroidManifest.xml:71:9-74:43
84            android:name="com.dailyroutine.app.WalkingDataActivity"
84-->src\main\AndroidManifest.xml:72:13-48
85            android:exported="false"
85-->src\main\AndroidManifest.xml:73:13-37
86            android:label="Step Tracker" />
86-->src\main\AndroidManifest.xml:74:13-41
87        <activity
87-->src\main\AndroidManifest.xml:76:9-79:45
88            android:name="com.dailyroutine.app.SleepTrackingActivity"
88-->src\main\AndroidManifest.xml:77:13-50
89            android:exported="false"
89-->src\main\AndroidManifest.xml:78:13-37
90            android:label="Sleep Tracking" />
90-->src\main\AndroidManifest.xml:79:13-43
91        <activity
91-->src\main\AndroidManifest.xml:81:9-84:46
92            android:name="com.dailyroutine.app.WeightActivity"
92-->src\main\AndroidManifest.xml:82:13-43
93            android:exported="false"
93-->src\main\AndroidManifest.xml:83:13-37
94            android:label="Weight Tracking" />
94-->src\main\AndroidManifest.xml:84:13-44
95        <activity
95-->src\main\AndroidManifest.xml:86:9-89:48
96            android:name="com.dailyroutine.app.CaloriesActivity"
96-->src\main\AndroidManifest.xml:87:13-45
97            android:exported="false"
97-->src\main\AndroidManifest.xml:88:13-37
98            android:label="Calories Tracking" />
98-->src\main\AndroidManifest.xml:89:13-46
99        <activity
99-->src\main\AndroidManifest.xml:91:9-94:45
100            android:name="com.dailyroutine.app.HabitProgressActivity"
100-->src\main\AndroidManifest.xml:92:13-50
101            android:exported="false"
101-->src\main\AndroidManifest.xml:93:13-37
102            android:label="Daily Progress" />
102-->src\main\AndroidManifest.xml:94:13-43
103
104        <receiver
104-->src\main\AndroidManifest.xml:96:9-98:39
105            android:name="com.dailyroutine.app.ReminderReceiver"
105-->src\main\AndroidManifest.xml:97:13-45
106            android:exported="false" />
106-->src\main\AndroidManifest.xml:98:13-37
107        <receiver
107-->src\main\AndroidManifest.xml:100:9-102:39
108            android:name="com.dailyroutine.app.ReminderActionReceiver"
108-->src\main\AndroidManifest.xml:101:13-51
109            android:exported="false" />
109-->src\main\AndroidManifest.xml:102:13-37
110        <receiver
110-->src\main\AndroidManifest.xml:104:9-112:20
111            android:name="com.dailyroutine.app.BootReceiver"
111-->src\main\AndroidManifest.xml:105:13-41
112            android:exported="true" >
112-->src\main\AndroidManifest.xml:106:13-36
113            <intent-filter>
113-->src\main\AndroidManifest.xml:107:13-111:29
114                <action android:name="android.intent.action.BOOT_COMPLETED" />
114-->src\main\AndroidManifest.xml:108:17-78
114-->src\main\AndroidManifest.xml:108:25-76
115                <action android:name="android.intent.action.QUICKBOOT_POWERON" />
115-->src\main\AndroidManifest.xml:109:17-81
115-->src\main\AndroidManifest.xml:109:25-79
116                <action android:name="com.htc.intent.action.QUICKBOOT_POWERON" />
116-->src\main\AndroidManifest.xml:110:17-81
116-->src\main\AndroidManifest.xml:110:25-79
117            </intent-filter>
118        </receiver>
119
120        <provider
120-->[androidx.emoji2:emoji2:1.2.0] AndroidManifest.xml:24:9-32:20
121            android:name="androidx.startup.InitializationProvider"
121-->[androidx.emoji2:emoji2:1.2.0] AndroidManifest.xml:25:13-67
122            android:authorities="com.dailyroutine.app.androidx-startup"
122-->[androidx.emoji2:emoji2:1.2.0] AndroidManifest.xml:26:13-68
123            android:exported="false" >
123-->[androidx.emoji2:emoji2:1.2.0] AndroidManifest.xml:27:13-37
124            <meta-data
124-->[androidx.emoji2:emoji2:1.2.0] AndroidManifest.xml:29:13-31:52
125                android:name="androidx.emoji2.text.EmojiCompatInitializer"
125-->[androidx.emoji2:emoji2:1.2.0] AndroidManifest.xml:30:17-75
126                android:value="androidx.startup" />
126-->[androidx.emoji2:emoji2:1.2.0] AndroidManifest.xml:31:17-49
127            <meta-data
127-->[androidx.lifecycle:lifecycle-process:2.6.1] AndroidManifest.xml:29:13-31:52
128                android:name="androidx.lifecycle.ProcessLifecycleInitializer"
128-->[androidx.lifecycle:lifecycle-process:2.6.1] AndroidManifest.xml:30:17-78
129                android:value="androidx.startup" />
129-->[androidx.lifecycle:lifecycle-process:2.6.1] AndroidManifest.xml:31:17-49
130            <meta-data
130-->[androidx.profileinstaller:profileinstaller:1.3.0] AndroidManifest.xml:29:13-31:52
131                android:name="androidx.profileinstaller.ProfileInstallerInitializer"
131-->[androidx.profileinstaller:profileinstaller:1.3.0] AndroidManifest.xml:30:17-85
132                android:value="androidx.startup" />
132-->[androidx.profileinstaller:profileinstaller:1.3.0] AndroidManifest.xml:31:17-49
133        </provider>
134
135        <receiver
135-->[androidx.profileinstaller:profileinstaller:1.3.0] AndroidManifest.xml:34:9-52:20
136            android:name="androidx.profileinstaller.ProfileInstallReceiver"
136-->[androidx.profileinstaller:profileinstaller:1.3.0] AndroidManifest.xml:35:13-76
137            android:directBootAware="false"
137-->[androidx.profileinstaller:profileinstaller:1.3.0] AndroidManifest.xml:36:13-44
138            android:enabled="true"
138-->[androidx.profileinstaller:profileinstaller:1.3.0] AndroidManifest.xml:37:13-35
139            android:exported="true"
139-->[androidx.profileinstaller:profileinstaller:1.3.0] AndroidManifest.xml:38:13-36
140            android:permission="android.permission.DUMP" >
140-->[androidx.profileinstaller:profileinstaller:1.3.0] AndroidManifest.xml:39:13-57
141            <intent-filter>
141-->[androidx.profileinstaller:profileinstaller:1.3.0] AndroidManifest.xml:40:13-42:29
142                <action android:name="androidx.profileinstaller.action.INSTALL_PROFILE" />
142-->[androidx.profileinstaller:profileinstaller:1.3.0] AndroidManifest.xml:41:17-91
142-->[androidx.profileinstaller:profileinstaller:1.3.0] AndroidManifest.xml:41:25-88
143            </intent-filter>
144            <intent-filter>
144-->[androidx.profileinstaller:profileinstaller:1.3.0] AndroidManifest.xml:43:13-45:29
145                <action android:name="androidx.profileinstaller.action.SKIP_FILE" />
145-->[androidx.profileinstaller:profileinstaller:1.3.0] AndroidManifest.xml:44:17-85
145-->[androidx.profileinstaller:profileinstaller:1.3.0] AndroidManifest.xml:44:25-82
146            </intent-filter>
147            <intent-filter>
147-->[androidx.profileinstaller:profileinstaller:1.3.0] AndroidManifest.xml:46:13-48:29
148                <action android:name="androidx.profileinstaller.action.SAVE_PROFILE" />
148-->[androidx.profileinstaller:profileinstaller:1.3.0] AndroidManifest.xml:47:17-88
148-->[androidx.profileinstaller:profileinstaller:1.3.0] AndroidManifest.xml:47:25-85
149            </intent-filter>
150            <intent-filter>
150-->[androidx.profileinstaller:profileinstaller:1.3.0] AndroidManifest.xml:49:13-51:29
151                <action android:name="androidx.profileinstaller.action.BENCHMARK_OPERATION" />
151-->[androidx.profileinstaller:profileinstaller:1.3.0] AndroidManifest.xml:50:17-95
151-->[androidx.profileinstaller:profileinstaller:1.3.0] AndroidManifest.xml:50:25-92
152            </intent-filter>
153        </receiver>
154    </application>
155
156</manifest>